<?xml version="1.0" encoding="UTF-8"?>
<testng-results ignored="0" total="3" passed="3" failed="0" skipped="0">
  <reporter-output>
  </reporter-output>
  <suite started-at="2023-10-09T21:26:19 IST" name="Suite" finished-at="2023-10-09T21:27:09 IST" duration-ms="50723">
    <groups>
    </groups>
    <test started-at="2023-10-09T21:26:19 IST" name="ChromeTest" finished-at="2023-10-09T21:26:36 IST" duration-ms="17074">
      <class name="crossBrowser.CrossBrowserTestingDemo">
        <test-method is-config="true" signature="initilize(java.lang.String)[pri:0, instance:crossBrowser.CrossBrowserTestingDemo@3a52dba3]" started-at="2023-10-09T21:26:19 IST" name="initilize" finished-at="2023-10-09T21:26:24 IST" duration-ms="5116" status="PASS">
          <params>
            <param index="0">
              <value>
                <![CDATA[chrome]]>
              </value>
            </param>
          </params>
          <reporter-output>
          </reporter-output>
        </test-method> <!-- initilize -->
        <test-method signature="citiLogin()[pri:0, instance:crossBrowser.CrossBrowserTestingDemo@3a52dba3]" started-at="2023-10-09T21:26:24 IST" name="citiLogin" finished-at="2023-10-09T21:26:35 IST" duration-ms="11476" status="PASS">
          <reporter-output>
          </reporter-output>
        </test-method> <!-- citiLogin -->
        <test-method is-config="true" signature="tearDown()[pri:0, instance:crossBrowser.CrossBrowserTestingDemo@3a52dba3]" started-at="2023-10-09T21:26:35 IST" name="tearDown" finished-at="2023-10-09T21:26:36 IST" duration-ms="406" status="PASS">
          <reporter-output>
          </reporter-output>
        </test-method> <!-- tearDown -->
        <test-method is-config="true" signature="tearDown()[pri:0, instance:crossBrowser.CrossBrowserTestingDemo@3a52dba3]" started-at="2023-10-09T21:26:36 IST" name="tearDown" finished-at="2023-10-09T21:26:36 IST" duration-ms="2" status="PASS">
          <reporter-output>
          </reporter-output>
        </test-method> <!-- tearDown -->
      </class> <!-- crossBrowser.CrossBrowserTestingDemo -->
    </test> <!-- ChromeTest -->
    <test started-at="2023-10-09T21:26:36 IST" name="FirefoxTest" finished-at="2023-10-09T21:26:53 IST" duration-ms="17485">
      <class name="crossBrowser.CrossBrowserTestingDemo">
        <test-method is-config="true" signature="initilize(java.lang.String)[pri:0, instance:crossBrowser.CrossBrowserTestingDemo@33c911a1]" started-at="2023-10-09T21:26:36 IST" name="initilize" finished-at="2023-10-09T21:26:43 IST" duration-ms="7503" status="PASS">
          <params>
            <param index="0">
              <value>
                <![CDATA[firefox]]>
              </value>
            </param>
          </params>
          <reporter-output>
          </reporter-output>
        </test-method> <!-- initilize -->
        <test-method signature="citiLogin()[pri:0, instance:crossBrowser.CrossBrowserTestingDemo@33c911a1]" started-at="2023-10-09T21:26:43 IST" name="citiLogin" finished-at="2023-10-09T21:26:50 IST" duration-ms="7036" status="PASS">
          <reporter-output>
          </reporter-output>
        </test-method> <!-- citiLogin -->
        <test-method is-config="true" signature="tearDown()[pri:0, instance:crossBrowser.CrossBrowserTestingDemo@33c911a1]" started-at="2023-10-09T21:26:50 IST" name="tearDown" finished-at="2023-10-09T21:26:53 IST" duration-ms="2936" status="PASS">
          <reporter-output>
          </reporter-output>
        </test-method> <!-- tearDown -->
        <test-method is-config="true" signature="tearDown()[pri:0, instance:crossBrowser.CrossBrowserTestingDemo@33c911a1]" started-at="2023-10-09T21:26:53 IST" name="tearDown" finished-at="2023-10-09T21:26:53 IST" duration-ms="1" status="PASS">
          <reporter-output>
          </reporter-output>
        </test-method> <!-- tearDown -->
      </class> <!-- crossBrowser.CrossBrowserTestingDemo -->
    </test> <!-- FirefoxTest -->
    <test started-at="2023-10-09T21:26:53 IST" name="IExplorerTest" finished-at="2023-10-09T21:27:09 IST" duration-ms="16035">
      <class name="crossBrowser.CrossBrowserTestingDemo">
        <test-method is-config="true" signature="initilize(java.lang.String)[pri:0, instance:crossBrowser.CrossBrowserTestingDemo@707194ba]" started-at="2023-10-09T21:26:53 IST" name="initilize" finished-at="2023-10-09T21:26:57 IST" duration-ms="3802" status="PASS">
          <params>
            <param index="0">
              <value>
                <![CDATA[iebrowser]]>
              </value>
            </param>
          </params>
          <reporter-output>
          </reporter-output>
        </test-method> <!-- initilize -->
        <test-method signature="citiLogin()[pri:0, instance:crossBrowser.CrossBrowserTestingDemo@707194ba]" started-at="2023-10-09T21:26:57 IST" name="citiLogin" finished-at="2023-10-09T21:27:09 IST" duration-ms="11806" status="PASS">
          <reporter-output>
          </reporter-output>
        </test-method> <!-- citiLogin -->
        <test-method is-config="true" signature="tearDown()[pri:0, instance:crossBrowser.CrossBrowserTestingDemo@707194ba]" started-at="2023-10-09T21:27:09 IST" name="tearDown" finished-at="2023-10-09T21:27:09 IST" duration-ms="418" status="PASS">
          <reporter-output>
          </reporter-output>
        </test-method> <!-- tearDown -->
        <test-method is-config="true" signature="tearDown()[pri:0, instance:crossBrowser.CrossBrowserTestingDemo@707194ba]" started-at="2023-10-09T21:27:09 IST" name="tearDown" finished-at="2023-10-09T21:27:09 IST" duration-ms="1" status="PASS">
          <reporter-output>
          </reporter-output>
        </test-method> <!-- tearDown -->
      </class> <!-- crossBrowser.CrossBrowserTestingDemo -->
    </test> <!-- IExplorerTest -->
  </suite> <!-- Suite -->
</testng-results>
